    Updating registry `https://github.com/rust-lang/crates.io-index`
   Compiling gcc v0.3.54
   Compiling libc v0.2.40
   Compiling cfg-if v0.1.2
   Compiling rustc-serialize v0.3.24
   Compiling log v0.4.1
   Compiling time v0.1.39
   Compiling rand v0.4.2
   Compiling rust-crypto v0.2.36
   Compiling rand v0.3.22
   Compiling rust-crypto v0.1.0 (file:///Users/elkhalilbellakrid/Desktop/Playground_07/lib-ledger-core/core/lib/crypto/src/rust-crypto)
warning: unused import: `String`
 --> src/lib.rs:3:20
  |
3 | use std::string::{ String };
  |                    ^^^^^^
  |
  = note: #[warn(unused_imports)] on by default

warning: unused variable: `c_str`
   --> src/lib.rs:129:9
    |
129 |     let c_str = unsafe {
    |         ^^^^^ help: consider using `_c_str` instead
    |
    = note: #[warn(unused_variables)] on by default

warning: unused variable: `mac_result`
   --> src/lib.rs:217:13
    |
217 |         let mac_result = mac.raw_result(&mut hash[..]);
    |             ^^^^^^^^^^ help: consider using `_mac_result` instead

warning: variable does not need to be mutable
   --> src/lib.rs:210:25
    |
210 | fn hmac_hash<D: Digest>(mut digest: D, key: &Vector, data: &Vector) -> Vector {
    |                         ----^^^^^^
    |                         |
    |                         help: remove this `mut`
    |
    = note: #[warn(unused_mut)] on by default

warning: variable `outLength` should have a snake case name such as `out_length`
   --> src/lib.rs:198:69
    |
198 | pub extern fn pbkdf2_derive(key: &Vector, salt: &Vector, iter: u32, outLength: size_t) -> Vector {
    |                                                                     ^^^^^^^^^
    |
    = note: #[warn(non_snake_case)] on by default

    Finished dev [unoptimized + debuginfo] target(s) in 10.59 secs
   Compiling libc v0.2.40
   Compiling gcc v0.3.54
   Compiling cfg-if v0.1.2
   Compiling rustc-serialize v0.3.24
   Compiling log v0.4.1
   Compiling rand v0.4.2
   Compiling time v0.1.39
   Compiling rand v0.3.22
   Compiling rust-crypto v0.2.36
   Compiling rust-crypto v0.1.0 (file:///Users/elkhalilbellakrid/Desktop/Playground_07/lib-ledger-core/core/lib/crypto/src/rust-crypto)
warning: unused variable: `c_str`
   --> src/lib.rs:128:9
    |
128 |     let c_str = unsafe {
    |         ^^^^^ help: consider using `_c_str` instead
    |
    = note: #[warn(unused_variables)] on by default

warning: unused variable: `mac_result`
   --> src/lib.rs:216:13
    |
216 |         let mac_result = mac.raw_result(&mut hash[..]);
    |             ^^^^^^^^^^ help: consider using `_mac_result` instead

warning: variable does not need to be mutable
   --> src/lib.rs:209:25
    |
209 | fn hmac_hash<D: Digest>(mut digest: D, key: &Vector, data: &Vector) -> Vector {
    |                         ----^^^^^^
    |                         |
    |                         help: remove this `mut`
    |
    = note: #[warn(unused_mut)] on by default

warning: variable `outLength` should have a snake case name such as `out_length`
   --> src/lib.rs:197:69
    |
197 | pub extern fn pbkdf2_derive(key: &Vector, salt: &Vector, iter: u32, outLength: size_t) -> Vector {
    |                                                                     ^^^^^^^^^
    |
    = note: #[warn(non_snake_case)] on by default

    Finished release [optimized] target(s) in 18.46 secs
